===================================================
    OMP ACO Benchmark Launcher
===================================================
Checking GCC compiler...
/opt/gcc/v9.1/bin/g++
g++ (GCC) 9.1.0
Copyright (C) 2019 Free Software Foundation, Inc.
This is free software; see the source for copying conditions.  There is NO
warranty; not even for MERCHANTABILITY or FITNESS FOR A PARTICULAR PURPOSE.


OpenMP environment:
OMP_NUM_THREADS=16
OMP_PLACES=cores
OMP_PROC_BIND=close

Cleaning previous builds...

===================================================
Testing with PARAMETR_SIZE=42
===================================================
Updating parameter file with PARAMETR_SIZE=42...
Updating parametrs.h with PARAMETR_SIZE=42 and NAME_FILE_GRAPH=Parametr_Graph/test42.txt
Successfully updated parametrs.h with PARAMETR_SIZE=42
Updating BLOCK_SIZE based on PARAM_SIZE...
===================================================
Testing with PARAMETR_SIZE=42, ANT_SIZE=500
===================================================
Updating parameter file with ANT_SIZE=500...
Updating parametrs.h with ANT_SIZE=500
Successfully updated parametrs.h with ANT_SIZE=500
Compiling OpenMP program with GCC...
Compilation successful. Log saved to: results/compilation_logs/compile_size_42_ants_500_20251216_001914.txt

===================================================
Running OpenMP ACO optimization...
===================================================
Start time: Tue Dec 16 00:19:17 MSK 2025
OpenMP threads: 16

=== OPENMP PERFORMANCE OPTIMIZATION WITH THREAD SCALING ===
OpenMP version: 201511
Start time: Tue Dec 16 00:19:17 2025

============================================================
THREAD SCALING EXPERIMENT
Hardware threads: 64
Max OpenMP threads: 16
Runs per configuration: 10
============================================================
Testing thread counts: 1 2 3 4 5 6 7 8 9 10 11 12 13 14 15 16 

Testing 1 threads...
  Run 1/10...File not found, generating synthetic matrix...
 OK (363.18 ms) min=0.0026572
  Run 2/10...File not found, generating synthetic matrix...
 OK (471.845 ms) min=0.00124993
  Run 3/10...File not found, generating synthetic matrix...
 OK (423.713 ms) min=0.00128738
  Run 4/10...File not found, generating synthetic matrix...
 OK (437.058 ms) min=0.00288259
  Run 5/10...File not found, generating synthetic matrix...
 OK (379.692 ms) min=0.00723625
  Run 6/10...File not found, generating synthetic matrix...
 OK (456.513 ms) min=0.00129025
  Run 7/10...File not found, generating synthetic matrix...
 OK (432.185 ms) min=0.00123035
  Run 8/10...File not found, generating synthetic matrix...
 OK (416.058 ms) min=0.00134534
  Run 9/10...File not found, generating synthetic matrix...
 OK (501.901 ms) min=0.00157395
  Run 10/10...File not found, generating synthetic matrix...
 OK (429.137 ms) min=0.00418018
  ✓ Completed 10/10 runs, avg: 431.128 ms)
Testing 2 threads...
  Run 1/10...File not found, generating synthetic matrix...
 OK (301.692 ms) min=0.00123028
  Run 2/10...File not found, generating synthetic matrix...
 OK (301.764 ms) min=0.00124472
  Run 3/10...File not found, generating synthetic matrix...
 OK (293.365 ms) min=0.00138747
  Run 4/10...File not found, generating synthetic matrix...
 OK (286.612 ms) min=0.00123029
  Run 5/10...File not found, generating synthetic matrix...
 OK (422.166 ms) min=0.00156238
  Run 6/10...File not found, generating synthetic matrix...
 OK (319.737 ms) min=0.00124302
  Run 7/10...File not found, generating synthetic matrix...
 OK (354.281 ms) min=0.00125046
  Run 8/10...File not found, generating synthetic matrix...
 OK (315.456 ms) min=0.00123256
  Run 9/10...File not found, generating synthetic matrix...
