===================================================
    OMP ACO Benchmark Launcher
===================================================
Checking GCC compiler...
/opt/gcc/v9.1/bin/g++
g++ (GCC) 9.1.0
Copyright (C) 2019 Free Software Foundation, Inc.
This is free software; see the source for copying conditions.  There is NO
warranty; not even for MERCHANTABILITY or FITNESS FOR A PARTICULAR PURPOSE.


OpenMP environment:
OMP_NUM_THREADS=32
OMP_PLACES=cores
OMP_PROC_BIND=close

Cleaning previous builds...

===================================================
Testing with PARAMETR_SIZE=688128
===================================================
Updating parameter file with PARAMETR_SIZE=688128...
Updating parametrs.h with PARAMETR_SIZE=688128 and NAME_FILE_GRAPH=Parametr_Graph/test688128.txt
Successfully updated parametrs.h with PARAMETR_SIZE=688128
Updating BLOCK_SIZE based on PARAM_SIZE...
===================================================
Testing with PARAMETR_SIZE=688128, ANT_SIZE=500
===================================================
Updating parameter file with ANT_SIZE=500...
Updating parametrs.h with ANT_SIZE=500
Successfully updated parametrs.h with ANT_SIZE=500
Compiling OpenMP program with GCC...
Compilation successful. Log saved to: results/compilation_logs/compile_size_688128_ants_500_20251229_085351.txt

===================================================
Running OpenMP ACO optimization...
===================================================
Start time: Mon Dec 29 08:53:54 MSK 2025
OpenMP threads: 32

=== OPENMP PERFORMANCE OPTIMIZATION WITH THREAD SCALING ===
OpenMP version: 201511
Start time: Mon Dec 29 08:53:54 2025

============================================================
THREAD SCALING EXPERIMENT
Hardware threads: 64
Max OpenMP threads: 32
Runs per configuration: 10
============================================================
Testing thread counts: 16 17 18 19 20 21 22 23 24 25 26 27 28 29 30 31 32 

Testing 16 threads...
  Run 1/10... OK (572514 ms) min=0.499535
  Run 2/10... OK (574170 ms) min=0.499534
  Run 3/10... OK (575258 ms) min=0.499534
  Run 4/10... OK (575142 ms) min=0.499535
  Run 5/10... OK (575842 ms) min=0.499534
  Run 6/10... OK (576644 ms) min=0.499534
  Run 7/10... OK (577468 ms) min=0.499534
  Run 8/10... OK (577794 ms) min=0.499534
  Run 9/10... OK (573116 ms) min=0.499534
  Run 10/10... OK (581734 ms) min=0.499534
  ✓ Completed 10/10 runs, avg: 575968 ms)
Testing 17 threads...
  Run 1/10... OK (557907 ms) min=0.499535
  Run 2/10... OK (553171 ms) min=0.499535
  Run 3/10... OK (552807 ms) min=0.499535
  Run 4/10... OK (551439 ms) min=0.499535
  Run 5/10... OK (560603 ms) min=0.499534
  Run 6/10... OK (558996 ms) min=0.499534
  Run 7/10... OK (555758 ms) min=0.499535
  Run 8/10... OK (555363 ms) min=0.499534
  Run 9/10... OK (551014 ms) min=0.499534
  Run 10/10... OK (552700 ms) min=0.499534
  ✓ Completed 10/10 runs, avg: 554976 ms)
Testing 18 threads...
  Run 1/10... OK (550796 ms) min=0.499535
  Run 2/10... OK (551760 ms) min=0.499534
  Run 3/10... OK (551528 ms) min=0.499534
  Run 4/10... OK (548893 ms) min=0.499535
  Run 5/10... OK (550367 ms) min=0.499534
  Run 6/10... OK (550661 ms) min=0.499531
  Run 7/10... OK (570403 ms) min=0.499534
  Run 8/10... OK (569401 ms) min=0.499534
  Run 9/10... OK (564298 ms) min=0.499534
  Run 10/10... OK (560457 ms) min=0.499534
  ✓ Completed 10/10 runs, avg: 556856 ms)
Testing 19 threads...
  Run 1/10... OK (543996 ms) min=0.499534
  Run 2/10... OK (546526 ms) min=0.499534
  Run 3/10... OK (547152 ms) min=0.499534
  Run 4/10... OK (543200 ms) min=0.499534
  Run 5/10... OK (542018 ms) min=0.499534
  Run 6/10... OK (543886 ms) min=0.499535
  Run 7/10... OK (541624 ms) min=0.499534
  Run 8/10... OK (536393 ms) min=0.499537
  Run 9/10... OK (535254 ms) min=0.499534
  Run 10/10... OK (539218 ms) min=0.499534
  ✓ Completed 10/10 runs, avg: 541927 ms)
Testing 20 threads...
  Run 1/10... OK (542275 ms) min=0.499537
  Run 2/10... OK (544381 ms) min=0.499534
  Run 3/10... OK (541695 ms) min=0.499534
  Run 4/10... OK (540709 ms) min=0.499535
  Run 5/10... OK (543563 ms) min=0.499534
  Run 6/10... OK (542231 ms) min=0.499535
  Run 7/10... OK (543566 ms) min=0.499534
  Run 8/10... OK (544015 ms) min=0.499534
  Run 9/10... OK (540596 ms) min=0.499535
  Run 10/10... OK (541748 ms) min=0.499537
  ✓ Completed 10/10 runs, avg: 542478 ms)
Testing 21 threads...
  Run 1/10... OK (536633 ms) min=0.499534
  Run 2/10... OK (537028 ms) min=0.499534
  Run 3/10... OK (538655 ms) min=0.499534
  Run 4/10... OK (540091 ms) min=0.499536
  Run 5/10... OK (561451 ms) min=0.499534
  Run 6/10... OK (556180 ms) min=0.499534
  Run 7/10... OK (556065 ms) min=0.499534
  Run 8/10... OK (556110 ms) min=0.499534
  Run 9/10... OK (553648 ms) min=0.499534
  Run 10/10... OK (552762 ms) min=0.499534
  ✓ Completed 10/10 runs, avg: 548862 ms)
Testing 22 threads...
  Run 1/10... OK (554385 ms) min=0.499534
  Run 2/10... OK (553713 ms) min=0.499534
  Run 3/10... OK (553514 ms) min=0.499534
  Run 4/10... OK (553020 ms) min=0.499534
  Run 5/10... OK (549613 ms) min=0.499534
  Run 6/10... OK (548855 ms) min=0.499534
  Run 7/10... OK (550110 ms) min=0.499535
  Run 8/10... OK (550590 ms) min=0.499534
  Run 9/10... OK (549510 ms) min=0.499534
  Run 10/10... OK (546021 ms) min=0.499535
  ✓ Completed 10/10 runs, avg: 550933 ms)
Testing 23 threads...
  Run 1/10... OK (536187 ms) min=0.499534
  Run 2/10... OK (537997 ms) min=0.499534
  Run 3/10... OK (537832 ms) min=0.499535
  Run 4/10... OK (537994 ms) min=0.499534
  Run 5/10... OK (538139 ms) min=0.499536
  Run 6/10... OK (537073 ms) min=0.499534
  Run 7/10... OK (537906 ms) min=0.499534
  Run 8/10... OK (536637 ms) min=0.499534
  Run 9/10... OK (535079 ms) min=0.499534
  Run 10/10... OK (536506 ms) min=0.499534
  ✓ Completed 10/10 runs, avg: 537135 ms)
Testing 24 threads...
  Run 1/10... OK (536991 ms) min=0.499537
  Run 2/10... OK (538191 ms) min=0.499536
  Run 3/10... OK (538441 ms) min=0.499534
  Run 4/10... OK (537972 ms) min=0.499534
  Run 5/10... OK (536397 ms) min=0.499534
  Run 6/10... OK (537396 ms) min=0.499534
  Run 7/10... OK (536270 ms) min=0.499534
  Run 8/10... OK (537430 ms) min=0.499534
  Run 9/10... OK (537660 ms) min=0.499534
  Run 10/10... OK (538235 ms) min=0.499535
  ✓ Completed 10/10 runs, avg: 537498 ms)
Testing 25 threads...
  Run 1/10... OK (525740 ms) min=0.499535
  Run 2/10... OK (529667 ms) min=0.499537
  Run 3/10... OK (527972 ms) min=0.499537
  Run 4/10... OK (543736 ms) min=0.499534
  Run 5/10... OK (551254 ms) min=0.499534
  Run 6/10... OK (549810 ms) min=0.499534
  Run 7/10... OK (546957 ms) min=0.499534
  Run 8/10... OK (549231 ms) min=0.499535
  Run 9/10... OK (549509 ms) min=0.499534
  Run 10/10... OK (545404 ms) min=0.499534
  ✓ Completed 10/10 runs, avg: 541928 ms)
Testing 26 threads...
  Run 1/10... OK (554348 ms) min=0.499534
  Run 2/10... OK (556898 ms) min=0.499534
  Run 3/10... OK (556192 ms) min=0.499534
  Run 4/10... OK (550392 ms) min=0.499534
  Run 5/10... OK (551471 ms) min=0.499534
  Run 6/10... OK (552489 ms) min=0.499534
  Run 7/10... OK (553173 ms) min=0.499534
  Run 8/10... OK (550793 ms) min=0.499534
  Run 9/10... OK (548207 ms) min=0.499534
  Run 10/10... OK (549597 ms) min=0.499534
  ✓ Completed 10/10 runs, avg: 552356 ms)
Testing 27 threads...
  Run 1/10... OK (539033 ms) min=0.499534
  Run 2/10... OK (542448 ms) min=0.499537
  Run 3/10... OK (541816 ms) min=0.499536
  Run 4/10... OK (541327 ms) min=0.499536
  Run 5/10... OK (540865 ms) min=0.499535
  Run 6/10... OK (536002 ms) min=0.499535
  Run 7/10... OK (534457 ms) min=0.499534
  Run 8/10... OK (537057 ms) min=0.499534
  Run 9/10... OK (536708 ms) min=0.499534
  Run 10/10... OK (537194 ms) min=0.499534
  ✓ Completed 10/10 runs, avg: 538691 ms)
Testing 28 threads...
  Run 1/10... OK (537769 ms) min=0.499534
  Run 2/10... OK (539354 ms) min=0.499534
  Run 3/10... OK (539627 ms) min=0.499534
  Run 4/10... OK (537568 ms) min=0.499534
  Run 5/10... OK (540053 ms) min=0.499535
  Run 6/10... OK (539453 ms) min=0.499534
  Run 7/10... OK (539421 ms) min=0.499534
  Run 8/10... OK (535909 ms) min=0.499534
  Run 9/10... OK (537252 ms) min=0.499534
  Run 10/10... OK (536947 ms) min=0.499535
  ✓ Completed 10/10 runs, avg: 538335 ms)
Testing 29 threads...
  Run 1/10... OK (565429 ms) min=0.499535
  Run 2/10... OK (564109 ms) min=0.499534
  Run 3/10... OK (561630 ms) min=0.499534
  Run 4/10... OK (566618 ms) min=0.499535
  Run 5/10... OK (567103 ms) min=0.499534
  Run 6/10... OK (561781 ms) min=0.499534
  Run 7/10... OK (565288 ms) min=0.499535
  Run 8/10... OK (563481 ms) min=0.499537
  Run 9/10... OK (566013 ms) min=0.499534
  Run 10/10... OK (562238 ms) min=0.499535
  ✓ Completed 10/10 runs, avg: 564369 ms)
Testing 30 threads...
  Run 1/10... OK (573739 ms) min=0.499534
  Run 2/10... OK (577478 ms) min=0.499534
  Run 3/10... OK (576497 ms) min=0.499534
  Run 4/10... OK (575450 ms) min=0.499534
  Run 5/10... OK (575437 ms) min=0.499534
  Run 6/10... OK (572742 ms) min=0.499534
  Run 7/10... OK (585225 ms) min=0.499534
  Run 8/10... OK (587119 ms) min=0.499535
  Run 9/10... OK (586999 ms) min=0.499534
  Run 10/10... OK (584678 ms) min=0.499537
  ✓ Completed 10/10 runs, avg: 579536 ms)
Testing 31 threads...
  Run 1/10... OK (582710 ms) min=0.499534
  Run 2/10... OK (578768 ms) min=0.499534
  Run 3/10... OK (585676 ms) min=0.499535
  Run 4/10... OK (583622 ms) min=0.499535
  Run 5/10... OK (581494 ms) min=0.499537
  Run 6/10... OK (584098 ms) min=0.499536
  Run 7/10... OK (585111 ms) min=0.499534
  Run 8/10... OK (582026 ms) min=0.499534
  Run 9/10... OK (574536 ms) min=0.499537
  Run 10/10... OK (580502 ms) min=0.499534
  ✓ Completed 10/10 runs, avg: 581854 ms)
Testing 32 threads...
  Run 1/10... OK (579538 ms) min=0.499534
  Run 2/10... OK (581677 ms) min=0.499534
  Run 3/10... OK (581026 ms) min=0.499534
  Run 4/10... OK (581791 ms) min=0.499534
  Run 5/10... OK (581835 ms) min=0.499534
  Run 6/10... OK (581186 ms) min=0.499534
  Run 7/10... OK (577616 ms) min=0.499534
  Run 8/10... OK (577372 ms) min=0.499534
  Run 9/10... OK (578890 ms) min=0.499534
  Run 10/10... OK (577968 ms) min=0.499534
  ✓ Completed 10/10 runs, avg: 579890 ms)
Threads ; iteration_time (ms) ; probability_time ; agent_time ; pheromone_time ; hash_time ; evaluation_time ; speedup ; parallel_efficiency ; hit_rate ; min_objective ;
16; 575968; 1007.52; 345827; 229132; 976165; 162427; 0; 6.25; 0; 0.499534; 17; 554976; 931.606; 326005; 228037; 985135; 169732; 0; 5.88235; 0; 0.499534; 18; 556856; 938.392; 314303; 241614; 1.00476e+06; 175998; 0; 5.55555; 0; 0.499531; 19; 541927; 908.272; 302187; 238830; 1.01835e+06; 175656; 0; 5.26316; 0; 0.499534; 20; 542478; 862.177; 291302; 250312; 1.03674e+06; 175910; 0; 5; 0; 0.499534; 21; 548862; 945.127; 288580; 259336; 1.07895e+06; 198644; 0; 4.7619; 0; 0.499534; 22; 550933; 863.73; 280307; 269761; 1.09826e+06; 204269; 0; 4.54545; 0; 0.499534; 23; 537135; 856.197; 269704; 266573; 1.10075e+06; 202352; 0; 4.34783; 0; 0.499534; 24; 537498; 854.932; 259886; 276755; 1.10926e+06; 209136; 0; 4.16667; 0; 0.499534; 25; 541928; 943.056; 253990; 286993; 1.13706e+06; 253276; 0; 4; 0; 0.499534; 26; 552356; 878.74; 251336; 300140; 1.14226e+06; 248728; 0; 3.84615; 0.000412273; 0.499534; 27; 538691; 851.202; 241001; 296837; 1.14042e+06; 244400; 0; 3.7037; 0; 0.499534; 28; 538335; 860.639; 232029; 305444; 1.14792e+06; 244100; 0; 3.57143; 0; 0.499534; 29; 564369; 833.877; 259526; 304008; 1.15888e+06; 243839; 0; 3.44828; 0; 0.499534; 30; 579536; 823.1; 261618; 317094; 1.18251e+06; 263175; 0; 3.33333; 0; 0.499534; 31; 581854; 891.75; 255135; 325826; 1.2003e+06; 280393; 0; 3.22581; 0; 0.499534; 32; 579890; 868.611; 247780; 331240; 1.21094e+06; 283227; 0; 3.125; 0; 0.499534; 
============================================================
OPTIMAL CONFIGURATION
============================================================
Recommended thread count: 23
Execution time: 537135 ms
Speedup: 0x
Parallel efficiency: 4.34783%
Best objective value: 0.499534

=== EXPERIMENT COMPLETED SUCCESSFULLY ===
Results saved to statistics.txt
Parameters logged to log.txt
Total experiment duration: 1583 minutes
Program executed successfully
End time: Tue Dec 30 11:17:09 MSK 2025
Execution time: 94994.672313219 seconds
Log file saved to results

===================================================
Benchmark completed for PARAMETR_SIZE=688128, ANT_SIZE=500!
Results saved in: results/
Execution time: 94994.672313219 seconds
===================================================

===================================================
Testing with PARAMETR_SIZE=1376256
===================================================
Updating parameter file with PARAMETR_SIZE=1376256...
Updating parametrs.h with PARAMETR_SIZE=1376256 and NAME_FILE_GRAPH=Parametr_Graph/test1376256.txt
Successfully updated parametrs.h with PARAMETR_SIZE=1376256
Updating BLOCK_SIZE based on PARAM_SIZE...
===================================================
Testing with PARAMETR_SIZE=1376256, ANT_SIZE=500
===================================================
Updating parameter file with ANT_SIZE=500...
Updating parametrs.h with ANT_SIZE=500
Successfully updated parametrs.h with ANT_SIZE=500
Compiling OpenMP program with GCC...
Compilation successful. Log saved to: results/compilation_logs/compile_size_1376256_ants_500_20251230_111711.txt

===================================================
Running OpenMP ACO optimization...
===================================================
Start time: Tue Dec 30 11:17:14 MSK 2025
OpenMP threads: 32

=== OPENMP PERFORMANCE OPTIMIZATION WITH THREAD SCALING ===
OpenMP version: 201511
Start time: Tue Dec 30 11:17:14 2025

============================================================
THREAD SCALING EXPERIMENT
Hardware threads: 64
Max OpenMP threads: 32
Runs per configuration: 10
============================================================
Testing thread counts: 16 17 18 19 20 21 22 23 24 25 26 27 28 29 30 31 32 

Testing 16 threads...
  Run 1/10... OK (1.19035e+06 ms) min=0.499768
  Run 2/10... OK (1.19804e+06 ms) min=0.499768
  Run 3/10... OK (1.19377e+06 ms) min=0.499768
  Run 4/10... OK (1.19006e+06 ms) min=0.499768
  Run 5/10... OK (1.19044e+06 ms) min=0.499768
  Run 6/10... OK (1.18891e+06 ms) min=0.499768
  Run 7/10... OK (1.19009e+06 ms) min=0.499768
  Run 8/10... OK (1.1901e+06 ms) min=0.499768
  Run 9/10... OK (1.18923e+06 ms) min=0.499768
  Run 10/10... OK (1.18224e+06 ms) min=0.499768
  ✓ Completed 10/10 runs, avg: 1.19032e+06 ms)
Testing 17 threads...
  Run 1/10... OK (1.14062e+06 ms) min=0.499768
  Run 2/10... OK (1.14196e+06 ms) min=0.499768
  Run 3/10... OK (1.14349e+06 ms) min=0.499768
  Run 4/10... OK (1.14222e+06 ms) min=0.499769
  Run 5/10... OK (1.1444e+06 ms) min=0.499768
  Run 6/10... OK (1.14401e+06 ms) min=0.499768
  Run 7/10... OK (1.14142e+06 ms) min=0.499768
  Run 8/10... OK (1.14559e+06 ms) min=0.499768
  Run 9/10... OK (1.14502e+06 ms) min=0.499768
  Run 10/10... OK (1.14291e+06 ms) min=0.499768
  ✓ Completed 10/10 runs, avg: 1.14317e+06 ms)
Testing 18 threads...
  Run 1/10... OK (1.15593e+06 ms) min=0.499768
  Run 2/10... OK (1.17695e+06 ms) min=0.499768
  Run 3/10... OK (1.17892e+06 ms) min=0.499768
  Run 4/10... OK (1.17767e+06 ms) min=0.499768
  Run 5/10... OK (1.1771e+06 ms) min=0.499768
  Run 6/10... OK (1.17248e+06 ms) min=0.499768
  Run 7/10... OK (1.17088e+06 ms) min=0.499768
  Run 8/10... OK (1.17208e+06 ms) min=0.499768
  Run 9/10... OK (1.17245e+06 ms) min=0.499768
  Run 10/10... OK (1.17421e+06 ms) min=0.499768
  ✓ Completed 10/10 runs, avg: 1.17287e+06 ms)
Testing 19 threads...
  Run 1/10... OK (1.15251e+06 ms) min=0.499769
  Run 2/10... OK (1.1455e+06 ms) min=0.499768
  Run 3/10... OK (1.14599e+06 ms) min=0.499768
  Run 4/10... OK (1.1448e+06 ms) min=0.499768
  Run 5/10... OK (1.14712e+06 ms) min=0.499768
  Run 6/10... OK (1.14656e+06 ms) min=0.499768
  Run 7/10... OK (1.14761e+06 ms) min=0.499768
  Run 8/10... OK (1.14393e+06 ms) min=0.499769
  Run 9/10... OK (1.13719e+06 ms) min=0.499768
  Run 10/10... OK (1.13548e+06 ms) min=0.499768
  ✓ Completed 10/10 runs, avg: 1.14467e+06 ms)
Testing 20 threads...
  Run 1/10... OK (1.1473e+06 ms) min=0.499768
  Run 2/10... OK (1.14553e+06 ms) min=0.499768
  Run 3/10... OK (1.14695e+06 ms) min=0.499768
  Run 4/10... OK (1.14316e+06 ms) min=0.499769
  Run 5/10... OK (1.14725e+06 ms) min=0.499768
  Run 6/10... OK (1.14497e+06 ms) min=0.499768
  Run 7/10... OK (1.14556e+06 ms) min=0.499768
  Run 8/10... OK (1.13714e+06 ms) min=0.499769
  Run 9/10... OK (1.14063e+06 ms) min=0.499768
  Run 10/10... OK (1.13695e+06 ms) min=0.499768
  ✓ Completed 10/10 runs, avg: 1.14354e+06 ms)
Testing 21 threads...
  Run 1/10... OK (1.12834e+06 ms) min=0.499768
  Run 2/10... OK (1.13183e+06 ms) min=0.499768
  Run 3/10... OK (1.13285e+06 ms) min=0.499768
  Run 4/10... OK (1.13345e+06 ms) min=0.499768
  Run 5/10... OK (1.13043e+06 ms) min=0.499768
  Run 6/10... OK (1.13108e+06 ms) min=0.499768
  Run 7/10... OK (1.13303e+06 ms) min=0.499768
  Run 8/10... OK (1.13312e+06 ms) min=0.499769
  Run 9/10... OK (1.1318e+06 ms) min=0.499768
  Run 10/10... OK (1.13361e+06 ms) min=0.499768
  ✓ Completed 10/10 runs, avg: 1.13195e+06 ms)
Testing 22 threads...
  Run 1/10... OK (1.14323e+06 ms) min=0.499768
  Run 2/10... OK (1.14577e+06 ms) min=0.499769
  Run 3/10... OK (1.14822e+06 ms) min=0.499768
  Run 4/10... OK (1.1601e+06 ms) min=0.499768
  Run 5/10... OK (1.15968e+06 ms) min=0.499768
  Run 6/10... OK (1.15993e+06 ms) min=0.499768
  Run 7/10... OK (1.16194e+06 ms) min=0.499768
  Run 8/10... OK (1.16058e+06 ms) min=0.499768
  Run 9/10... OK (1.16097e+06 ms) min=0.499768
  Run 10/10... OK (1.16167e+06 ms) min=0.499768
  ✓ Completed 10/10 runs, avg: 1.15621e+06 ms)
Testing 23 threads...
  Run 1/10... OK (1.14313e+06 ms) min=0.499768
  Run 2/10... OK (1.14627e+06 ms) min=0.499768
  Run 3/10... OK (1.14641e+06 ms) min=0.499768
  Run 4/10... OK (1.1457e+06 ms) min=0.499768
  Run 5/10... OK (1.14563e+06 ms) min=0.499768
  Run 6/10... OK (1.14249e+06 ms) min=0.499768
  Run 7/10... OK (1.14259e+06 ms) min=0.499768
  Run 8/10... OK (1.14469e+06 ms) min=0.499768
  Run 9/10... OK (1.1444e+06 ms) min=0.499768
  Run 10/10... OK (1.14379e+06 ms) min=0.499768
  ✓ Completed 10/10 runs, avg: 1.14451e+06 ms)
Testing 24 threads...
  Run 1/10... OK (1.14997e+06 ms) min=0.499768
  Run 2/10... OK (1.15167e+06 ms) min=0.499768
  Run 3/10... OK (1.1522e+06 ms) min=0.499768
  Run 4/10... OK (1.15151e+06 ms) min=0.499768
  Run 5/10... OK (1.15255e+06 ms) min=0.499768
  Run 6/10... OK (1.15159e+06 ms) min=0.499768
  Run 7/10... OK (1.15112e+06 ms) min=0.499768
  Run 8/10... OK (1.15181e+06 ms) min=0.499768
  Run 9/10... OK (1.1485e+06 ms) min=0.499768
  Run 10/10... OK (1.15115e+06 ms) min=0.499768
  ✓ Completed 10/10 runs, avg: 1.15121e+06 ms)
Testing 25 threads...
  Run 1/10... OK (1.13536e+06 ms) min=0.499768
  Run 2/10... OK (1.14082e+06 ms) min=0.499769
  Run 3/10... OK (1.13911e+06 ms) min=0.499768
  Run 4/10... OK (1.13737e+06 ms) min=0.499769
  Run 5/10... OK (1.13555e+06 ms) min=0.499768
  Run 6/10... OK (1.14007e+06 ms) min=0.499768
  Run 7/10... OK (1.14112e+06 ms) min=0.499768
  Run 8/10... OK (1.14078e+06 ms) min=0.499768
  Run 9/10... OK (1.13897e+06 ms) min=0.499768
  Run 10/10... OK (1.13867e+06 ms) min=0.499768
  ✓ Completed 10/10 runs, avg: 1.13878e+06 ms)
Testing 26 threads...
  Run 1/10... OK (1.14064e+06 ms) min=0.499768
  Run 2/10... OK (1.14371e+06 ms) min=0.499768
  Run 3/10... OK (1.14218e+06 ms) min=0.499768
  Run 4/10... OK (1.14419e+06 ms) min=0.499768
  Run 5/10... OK (1.14509e+06 ms) min=0.499768
  Run 6/10... OK (1.1439e+06 ms) min=0.499768
  Run 7/10... OK (1.14571e+06 ms) min=0.499768
  Run 8/10... OK (1.14134e+06 ms) min=0.499768
  Run 9/10... OK (1.14237e+06 ms) min=0.499768
  Run 10/10... OK (1.14246e+06 ms) min=0.499768
  ✓ Completed 10/10 runs, avg: 1.14316e+06 ms)
Testing 27 threads...
  Run 1/10... OK (1.12942e+06 ms) min=0.499768
  Run 2/10... OK (1.12965e+06 ms) min=0.499768
  Run 3/10... OK (1.13107e+06 ms) min=0.499768
  Run 4/10... OK (1.13266e+06 ms) min=0.499768
  Run 5/10... OK (1.13236e+06 ms) min=0.499768
  Run 6/10... OK (1.13009e+06 ms) min=0.499768
  Run 7/10... OK (1.13512e+06 ms) min=0.499768
  Run 8/10... OK (1.1306e+06 ms) min=0.499768
  Run 9/10... OK (1.12933e+06 ms) min=0.499768
  Run 10/10... OK (1.13171e+06 ms) min=0.499768
  ✓ Completed 10/10 runs, avg: 1.1312e+06 ms)
Testing 28 threads...
  Run 1/10... OK (1.13631e+06 ms) min=0.499768
  Run 2/10... OK (1.14214e+06 ms) min=0.499768
  Run 3/10... OK (1.13897e+06 ms) min=0.499768
  Run 4/10... OK (1.14149e+06 ms) min=0.499768
  Run 5/10... OK (1.14062e+06 ms) min=0.499768
  Run 6/10... OK (1.13669e+06 ms) min=0.499768
  Run 7/10... OK (1.13762e+06 ms) min=0.499768
  Run 8/10... OK (1.14118e+06 ms) min=0.499768
  Run 9/10... OK (1.14266e+06 ms) min=0.499768
  Run 10/10... OK (1.14195e+06 ms) min=0.499768
  ✓ Completed 10/10 runs, avg: 1.13996e+06 ms)
Testing 29 threads...
  Run 1/10... OK (1.19414e+06 ms) min=0.499768
  Run 2/10... OK (1.19835e+06 ms) min=0.499768
  Run 3/10... OK (1.18489e+06 ms) min=0.499768
  Run 4/10... OK (1.19572e+06 ms) min=0.499768
  Run 5/10... OK (1.18856e+06 ms) min=0.499768
  Run 6/10... OK (1.19705e+06 ms) min=0.499768
  Run 7/10... OK (1.19069e+06 ms) min=0.499768
  Run 8/10... OK (1.19647e+06 ms) min=0.499768
  Run 9/10... OK (1.18703e+06 ms) min=0.499768
  Run 10/10... OK (1.19421e+06 ms) min=0.499768
  ✓ Completed 10/10 runs, avg: 1.19271e+06 ms)
Testing 30 threads...
  Run 1/10... OK (1.18909e+06 ms) min=0.499768
