===================================================
    OMP ACO Benchmark Launcher
===================================================
Checking GCC compiler...
/opt/gcc/v9.1/bin/g++
g++ (GCC) 9.1.0
Copyright (C) 2019 Free Software Foundation, Inc.
This is free software; see the source for copying conditions.  There is NO
warranty; not even for MERCHANTABILITY or FITNESS FOR A PARTICULAR PURPOSE.


OpenMP environment:
OMP_NUM_THREADS=16
OMP_PLACES=cores
OMP_PROC_BIND=close

Cleaning previous builds...

===================================================
Testing with PARAMETR_SIZE=42
===================================================
Updating parameter file with PARAMETR_SIZE=42...
Updating parametrs.h with PARAMETR_SIZE=42 and NAME_FILE_GRAPH=Parametr_Graph/test42.txt
Successfully updated parametrs.h with PARAMETR_SIZE=42
Updating BLOCK_SIZE based on PARAM_SIZE...
===================================================
Testing with PARAMETR_SIZE=42, ANT_SIZE=500
===================================================
Updating parameter file with ANT_SIZE=500...
Updating parametrs.h with ANT_SIZE=500
Successfully updated parametrs.h with ANT_SIZE=500
Compiling OpenMP program with GCC...
Compilation successful. Log saved to: results/compilation_logs/compile_size_42_ants_500_20251216_003817.txt

===================================================
Running OpenMP ACO optimization...
===================================================
Start time: Tue Dec 16 00:38:20 MSK 2025
OpenMP threads: 16

=== OPENMP PERFORMANCE OPTIMIZATION WITH THREAD SCALING ===
OpenMP version: 201511
Start time: Tue Dec 16 00:38:20 2025

============================================================
THREAD SCALING EXPERIMENT
Hardware threads: 64
Max OpenMP threads: 16
Runs per configuration: 10
============================================================
Testing thread counts: 1 2 3 4 5 6 7 8 9 10 11 12 13 14 15 16 

Testing 1 threads...
  Run 1/10... OK (343.905 ms) min=0.00123011
  Run 2/10... OK (426.527 ms) min=0.00123005
  Run 3/10... OK (358.551 ms) min=0.00123006
  Run 4/10... OK (361.648 ms) min=0.00123006
  Run 5/10... OK (330.684 ms) min=0.00123013
  Run 6/10... OK (320.275 ms) min=0.00123005
  Run 7/10... OK (382.892 ms) min=0.00123007
  Run 8/10... OK (376.528 ms) min=0.00123012
  Run 9/10... OK (364.157 ms) min=0.00123014
  Run 10/10... OK (358.557 ms) min=0.00123005
  ✓ Completed 10/10 runs, avg: 362.372 ms)
Testing 2 threads...
  Run 1/10... OK (310.943 ms) min=0.00123005
  Run 2/10... OK (302.764 ms) min=0.00123006
  Run 3/10... OK (432.785 ms) min=0.00123007
  Run 4/10... OK (542.702 ms) min=0.00123013
  Run 5/10... OK (482.243 ms) min=0.00123005
  Run 6/10... OK (490.082 ms) min=0.00123026
  Run 7/10... OK (363.449 ms) min=0.00123005
  Run 8/10... OK (365.425 ms) min=0.00123007
  Run 9/10... OK (514.918 ms) min=0.0012301
  Run 10/10... OK (324.617 ms) min=0.00123005
  ✓ Completed 10/10 runs, avg: 412.993 ms)
Testing 3 threads...
  Run 1/10... OK (255.842 ms) min=0.00123005
  Run 2/10... OK (365.667 ms) min=0.00123022
  Run 3/10... OK (258.825 ms) min=0.00123005
  Run 4/10... OK (333.793 ms) min=0.00123007
  Run 5/10... OK (257.416 ms) min=0.00123006
  Run 6/10... OK (251.514 ms) min=0.00123005
  Run 7/10... OK (237.904 ms) min=0.00123006
  Run 8/10... OK (277.507 ms) min=0.00123005
  Run 9/10... OK (230.299 ms) min=0.00123005
  Run 10/10... OK (231.884 ms) min=0.00123006
  ✓ Completed 10/10 runs, avg: 270.065 ms)
Testing 4 threads...
  Run 1/10... OK (192.276 ms) min=0.00123006
  Run 2/10... OK (193.348 ms) min=0.00123007
  Run 3/10... OK (192.114 ms) min=0.00123005
  Run 4/10... OK (275.047 ms) min=0.00123007
  Run 5/10... OK (190.003 ms) min=0.00123019
  Run 6/10... OK (192.893 ms) min=0.00123005
  Run 7/10... OK (192.836 ms) min=0.00123005
  Run 8/10... OK (193.045 ms) min=0.00123005
  Run 9/10... OK (192.727 ms) min=0.00123005
  Run 10/10... OK (198.091 ms) min=0.00123005
  ✓ Completed 10/10 runs, avg: 201.238 ms)
Testing 5 threads...
  Run 1/10... OK (245.736 ms) min=0.00123005
  Run 2/10... OK (242.783 ms) min=0.00123005
  Run 3/10... OK (220.62 ms) min=0.00123006
  Run 4/10... OK (209.232 ms) min=0.00123006
  Run 5/10... OK (235.34 ms) min=0.00123007
  Run 6/10... OK (236.327 ms) min=0.00123005
  Run 7/10... OK (266.085 ms) min=0.00123005
  Run 8/10... OK (226.683 ms) min=0.00123005
  Run 9/10... OK (242.26 ms) min=0.00123005
  Run 10/10... OK (235.198 ms) min=0.00123007
  ✓ Completed 10/10 runs, avg: 236.027 ms)
Testing 6 threads...
  Run 1/10... OK (216.443 ms) min=0.00123006
  Run 2/10... OK (240.744 ms) min=0.00123007
  Run 3/10... OK (208.977 ms) min=0.00123006
  Run 4/10... OK (194.4 ms) min=0.00123007
  Run 5/10... OK (195.841 ms) min=0.00123005
  Run 6/10... OK (167.066 ms) min=0.00123006
  Run 7/10... OK (167.226 ms) min=0.00123015
  Run 8/10... OK (166.409 ms) min=0.00123005
  Run 9/10... OK (166.088 ms) min=0.00123006
  Run 10/10... OK (166.647 ms) min=0.00123021
  ✓ Completed 10/10 runs, avg: 188.984 ms)
Testing 7 threads...
  Run 1/10... OK (155.661 ms) min=0.00123006
  Run 2/10... OK (154.714 ms) min=0.00123038
  Run 3/10... OK (162.942 ms) min=0.00123006
  Run 4/10... OK (154.146 ms) min=0.00123006
  Run 5/10... OK (161.284 ms) min=0.00123009
  Run 6/10... OK (164.26 ms) min=0.00123005
  Run 7/10... OK (161.47 ms) min=0.00123006
  Run 8/10... OK (153.82 ms) min=0.00123005
  Run 9/10... OK (163.059 ms) min=0.00123015
  Run 10/10... OK (164.135 ms) min=0.00123005
  ✓ Completed 10/10 runs, avg: 159.549 ms)
Testing 8 threads...
  Run 1/10... OK (178.064 ms) min=0.00123006
  Run 2/10... OK (156.773 ms) min=0.00123005
  Run 3/10... OK (230.509 ms) min=0.00123006
  Run 4/10... OK (208.385 ms) min=0.00123005
  Run 5/10... OK (202.521 ms) min=0.00123005
  Run 6/10... OK (190.461 ms) min=0.00123006
  Run 7/10... OK (211.786 ms) min=0.00123061
  Run 8/10... OK (223.993 ms) min=0.00123006
  Run 9/10... OK (274.62 ms) min=0.00123005
  Run 10/10... OK (160.101 ms) min=0.00123007
  ✓ Completed 10/10 runs, avg: 203.721 ms)
Testing 9 threads...
  Run 1/10... OK (143.483 ms) min=0.00123007
  Run 2/10... OK (140.228 ms) min=0.00123006
  Run 3/10... OK (139.594 ms) min=0.00123006
  Run 4/10... OK (139.909 ms) min=0.00123016
  Run 5/10... OK (140.025 ms) min=0.00123005
  Run 6/10... OK (140.409 ms) min=0.00123006
  Run 7/10... OK (140.515 ms) min=0.00123011
  Run 8/10... OK (140.458 ms) min=0.00123006
  Run 9/10... OK (139.712 ms) min=0.00123012
  Run 10/10... OK (214.394 ms) min=0.00123005
  ✓ Completed 10/10 runs, avg: 147.873 ms)
Testing 10 threads...
  Run 1/10... OK (182.682 ms) min=0.00123005
  Run 2/10... OK (182.936 ms) min=0.00123008
  Run 3/10... OK (140.886 ms) min=0.00123005
  Run 4/10... OK (139.48 ms) min=0.00123006
  Run 5/10... OK (140.374 ms) min=0.00123006
  Run 6/10... OK (142.927 ms) min=0.00123007
  Run 7/10... OK (141.506 ms) min=0.00123006
  Run 8/10... OK (152.061 ms) min=0.00123006
  Run 9/10... OK (203.182 ms) min=0.00123006
  Run 10/10... OK (189.853 ms) min=0.00123005
  ✓ Completed 10/10 runs, avg: 161.589 ms)
Testing 11 threads...
  Run 1/10... OK (201.142 ms) min=0.00123013
  Run 2/10... OK (193.388 ms) min=0.00123007
  Run 3/10... OK (170.741 ms) min=0.00123006
  Run 4/10... OK (171.6 ms) min=0.00123138
  Run 5/10... OK (150.183 ms) min=0.00123007
  Run 6/10... OK (133.862 ms) min=0.00123012
  Run 7/10... OK (132.342 ms) min=0.0012301
  Run 8/10... OK (132.519 ms) min=0.00123006
  Run 9/10... OK (133.474 ms) min=0.00123009
  Run 10/10... OK (133.858 ms) min=0.00123006
  ✓ Completed 10/10 runs, avg: 155.311 ms)
Testing 12 threads...
  Run 1/10... OK (128.447 ms) min=0.00123024
  Run 2/10... OK (133.607 ms) min=0.00123005
  Run 3/10... OK (128.521 ms) min=0.00123006
  Run 4/10... OK (230.894 ms) min=0.00123005
  Run 5/10... OK (174.144 ms) min=0.00123005
  Run 6/10... OK (175.491 ms) min=0.00123006
  Run 7/10... OK (131.25 ms) min=0.00123006
  Run 8/10... OK (135.901 ms) min=0.00123008
  Run 9/10... OK (135.401 ms) min=0.00123005
  Run 10/10... OK (137.09 ms) min=0.00123005
  ✓ Completed 10/10 runs, avg: 151.075 ms)
Testing 13 threads...
  Run 1/10... OK (136.442 ms) min=0.00123005
  Run 2/10... OK (159.36 ms) min=0.00123012
  Run 3/10... OK (140.317 ms) min=0.00123005
  Run 4/10... OK (147.427 ms) min=0.00123006
  Run 5/10... OK (173.967 ms) min=0.00123006
  Run 6/10... OK (190.45 ms) min=0.00123005
  Run 7/10... OK (163.048 ms) min=0.00123005
  Run 8/10... OK (190.267 ms) min=0.00123005
  Run 9/10... OK (197.463 ms) min=0.00123005
  Run 10/10... OK (156.728 ms) min=0.00123005
  ✓ Completed 10/10 runs, avg: 165.547 ms)
Testing 14 threads...
  Run 1/10... OK (202.733 ms) min=0.00123008
  Run 2/10... OK (179.407 ms) min=0.00123005
  Run 3/10... OK (126.616 ms) min=0.00123007
  Run 4/10... OK (163.99 ms) min=0.00123005
  Run 5/10... OK (172.654 ms) min=0.00123006
  Run 6/10... OK (162.168 ms) min=0.00123005
  Run 7/10... OK (179.471 ms) min=0.00123005
  Run 8/10... OK (125.534 ms) min=0.00123007
  Run 9/10... OK (125.949 ms) min=0.00123006
  Run 10/10... OK (124.932 ms) min=0.0012301
  ✓ Completed 10/10 runs, avg: 156.345 ms)
Testing 15 threads...
  Run 1/10... OK (129.611 ms) min=0.00123017
  Run 2/10... OK (130.374 ms) min=0.00123006
  Run 3/10... OK (129.934 ms) min=0.00123009
  Run 4/10... OK (128.772 ms) min=0.00123006
  Run 5/10... OK (129.945 ms) min=0.00123006
  Run 6/10... OK (129.661 ms) min=0.00123008
  Run 7/10... OK (140.071 ms) min=0.00123006
  Run 8/10... OK (130.016 ms) min=0.00123014
  Run 9/10... OK (132.931 ms) min=0.00123005
  Run 10/10... OK (137.234 ms) min=0.00123005
  ✓ Completed 10/10 runs, avg: 131.855 ms)
Testing 16 threads...
  Run 1/10... OK (172.716 ms) min=0.00123005
  Run 2/10... OK (131.315 ms) min=0.00123024
  Run 3/10... OK (124.682 ms) min=0.00123016
  Run 4/10... OK (126.347 ms) min=0.00123007
  Run 5/10... OK (126.555 ms) min=0.00123005
  Run 6/10... OK (124.716 ms) min=0.00123005
  Run 7/10... OK (125.688 ms) min=0.00123005
  Run 8/10... OK (126.067 ms) min=0.00123006
  Run 9/10... OK (170.707 ms) min=0.00123009
  Run 10/10... OK (180.873 ms) min=0.00123005
  ✓ Completed 10/10 runs, avg: 140.967 ms)
Threads ; iteration_time (ms) ; probability_time ; agent_time ; pheromone_time ; hash_time ; evaluation_time ; speedup ; parallel_efficiency ; hit_rate ; min_objective ;
1; 362.36; 0.662201; 346.827; 14.2618; 121.445; 21.0355; 0; 99.9965; 0; 0.00123005; 2; 412.981; 1.76545; 391.413; 18.9648; 232.248; 31.1343; 0; 49.9985; 0; 0.00123005; 3; 270.051; 1.90767; 254.727; 12.6101; 193.167; 30.3973; 0; 33.3316; 0; 0.00123005; 4; 201.225; 1.98829; 187.885; 10.4899; 171.716; 32.5171; 0; 24.9984; 0; 0.00123005; 5; 236.013; 3.3605; 221.111; 10.6776; 301.588; 33.8728; 0; 19.9989; 0; 0.00123005; 6; 188.97; 2.36951; 174.527; 11.1893; 222.658; 33.6382; 0; 16.6655; 0; 0.00123005; 7; 159.535; 2.86523; 143.871; 11.8978; 159.595; 31.6565; 0; 14.2845; 0; 0.00123005; 8; 203.706; 4.56099; 184.459; 13.6983; 304.856; 35.2587; 0; 12.4991; 0.000968607; 0.00123005; 9; 147.859; 3.2122; 130.103; 13.6425; 166.358; 31.6826; 0; 11.11; 0; 0.00123005; 10; 161.573; 4.35027; 142.475; 13.7635; 252.54; 33.1015; 0; 9.99902; 0; 0.00123005; 11; 155.297; 2.83085; 136.908; 14.6387; 221.534; 30.1424; 0; 9.09006; 0; 0.00123006; 12; 151.056; 4.90714; 129.175; 16.0141; 197.79; 28.5041; 0; 8.3323; 0; 0.00123005; 13; 165.532; 4.07881; 142.49; 18.0423; 259.677; 31.5501; 0; 7.69163; 0; 0.00123005; 14; 156.331; 4.50897; 132.706; 18.1756; 243.31; 29.5646; 0; 7.14218; 0; 0.00123005; 15; 131.837; 4.048; 107.259; 19.5332; 119.18; 21.3073; 0; 6.66578; 0; 0.00123005; 16; 140.95; 4.80816; 113.604; 21.511; 163.174; 24.4363; 0; 6.24927; 0; 0.00123005; 
============================================================
OPTIMAL CONFIGURATION
============================================================
Recommended thread count: 15
Execution time: 131.855 ms
Speedup: 0x
Parallel efficiency: 6.66578%
Best objective value: 0.00123005

=== EXPERIMENT COMPLETED SUCCESSFULLY ===
Results saved to statistics.txt
Parameters logged to log.txt
Total experiment duration: 3 minutes
Program executed successfully
End time: Tue Dec 16 00:41:35 MSK 2025
Execution time: 194.942893945 seconds
Log file saved to results

===================================================
Benchmark completed for PARAMETR_SIZE=42, ANT_SIZE=500!
Results saved in: results/
Execution time: 194.942893945 seconds
===================================================

===================================================
Testing with PARAMETR_SIZE=84
===================================================
Updating parameter file with PARAMETR_SIZE=84...
Updating parametrs.h with PARAMETR_SIZE=84 and NAME_FILE_GRAPH=Parametr_Graph/test84.txt
Successfully updated parametrs.h with PARAMETR_SIZE=84
Updating BLOCK_SIZE based on PARAM_SIZE...
===================================================
Testing with PARAMETR_SIZE=84, ANT_SIZE=500
===================================================
Updating parameter file with ANT_SIZE=500...
Updating parametrs.h with ANT_SIZE=500
Successfully updated parametrs.h with ANT_SIZE=500
Compiling OpenMP program with GCC...
Compilation successful. Log saved to: results/compilation_logs/compile_size_84_ants_500_20251216_004136.txt

===================================================
Running OpenMP ACO optimization...
===================================================
Start time: Tue Dec 16 00:41:39 MSK 2025
OpenMP threads: 16

=== OPENMP PERFORMANCE OPTIMIZATION WITH THREAD SCALING ===
OpenMP version: 201511
Start time: Tue Dec 16 00:41:39 2025

============================================================
THREAD SCALING EXPERIMENT
Hardware threads: 64
Max OpenMP threads: 16
Runs per configuration: 10
============================================================
Testing thread counts: 1 2 3 4 5 6 7 8 9 10 11 12 13 14 15 16 

Testing 1 threads...
  Run 1/10... OK (600.958 ms) min=0.00124298
  Run 2/10... OK (739.554 ms) min=0.00123006
  Run 3/10... OK (788.921 ms) min=0.00123013
  Run 4/10... OK (655.605 ms) min=0.00123029
  Run 5/10... OK (598.656 ms) min=0.0012301
  Run 6/10... OK (596.711 ms) min=0.00123069
  Run 7/10... OK (579.033 ms) min=0.00123362
  Run 8/10... OK (567.772 ms) min=0.00123062
  Run 9/10... OK (629.302 ms) min=0.00165246
  Run 10/10... OK (563.529 ms) min=0.0012304
  ✓ Completed 10/10 runs, avg: 632.004 ms)
Testing 2 threads...
  Run 1/10... OK (541.292 ms) min=0.00123166
  Run 2/10... OK (421.256 ms) min=0.00123354
  Run 3/10... OK (619.901 ms) min=0.00125922
  Run 4/10... OK (511.978 ms) min=0.00126046
  Run 5/10... OK (418.268 ms) min=0.00126359
  Run 6/10... OK (462.77 ms) min=0.00123239
  Run 7/10... OK (486.811 ms) min=0.00123007
  Run 8/10... OK (642.97 ms) min=0.00123585
  Run 9/10... OK (538.19 ms) min=0.00123026
  Run 10/10... OK (551.365 ms) min=0.00123042
  ✓ Completed 10/10 runs, avg: 519.48 ms)
Testing 3 threads...
  Run 1/10... OK (418.77 ms) min=0.00123051
  Run 2/10... OK (397.248 ms) min=0.00132876
  Run 3/10... OK (396.002 ms) min=0.00123835
  Run 4/10... OK (402.933 ms) min=0.00123037
  Run 5/10... OK (403.267 ms) min=0.0012301
  Run 6/10... OK (401.181 ms) min=0.00124103
  Run 7/10... OK (444.312 ms) min=0.00123015
  Run 8/10... OK (420.422 ms) min=0.00123394
  Run 9/10... OK (331.648 ms) min=0.00123008
  Run 10/10... OK (342.995 ms) min=0.00123304
  ✓ Completed 10/10 runs, avg: 395.878 ms)
Testing 4 threads...
  Run 1/10... OK (313.004 ms) min=0.00123067
  Run 2/10... OK (321.229 ms) min=0.00134009
  Run 3/10... OK (272.618 ms) min=0.00124682
  Run 4/10... OK (313.121 ms) min=0.00123019
  Run 5/10... OK (280.165 ms) min=0.00172543
  Run 6/10... OK (287.467 ms) min=0.00123014
  Run 7/10... OK (280.657 ms) min=0.00123719
  Run 8/10... OK (280.256 ms) min=0.00123008
  Run 9/10... OK (275.047 ms) min=0.00123834
  Run 10/10... OK (323.358 ms) min=0.00124339
  ✓ Completed 10/10 runs, avg: 294.692 ms)
Testing 5 threads...
  Run 1/10... OK (244.22 ms) min=0.00134704
  Run 2/10... OK (248.581 ms) min=0.00123196
  Run 3/10... OK (240.156 ms) min=0.00123698
  Run 4/10... OK (244.388 ms) min=0.00136979
  Run 5/10... OK (238.559 ms) min=0.00130402
  Run 6/10... OK (238.373 ms) min=0.00124256
  Run 7/10... OK (305.256 ms) min=0.00123006
  Run 8/10... OK (279.736 ms) min=0.00123005
  Run 9/10... OK (247.019 ms) min=0.00124642
  Run 10/10... OK (252.988 ms) min=0.00123716
  ✓ Completed 10/10 runs, avg: 253.928 ms)
Testing 6 threads...
  Run 1/10... OK (221.084 ms) min=0.00123652
  Run 2/10... OK (218.393 ms) min=0.00123244
  Run 3/10... OK (216.513 ms) min=0.00123346
  Run 4/10... OK (221.303 ms) min=0.00126903
  Run 5/10... OK (217.957 ms) min=0.00123081
  Run 6/10... OK (257.358 ms) min=0.0012872
  Run 7/10... OK (223.228 ms) min=0.00123243
  Run 8/10... OK (211.256 ms) min=0.0012315
  Run 9/10... OK (206.541 ms) min=0.00123146
  Run 10/10... OK (217.95 ms) min=0.00123017
  ✓ Completed 10/10 runs, avg: 221.158 ms)
Testing 7 threads...
  Run 1/10... OK (192.853 ms) min=0.00125185
  Run 2/10... OK (204.529 ms) min=0.00125258
  Run 3/10... OK (206.335 ms) min=0.00123157
  Run 4/10... OK (275.463 ms) min=0.00123006
  Run 5/10... OK (245.279 ms) min=0.00123027
  Run 6/10... OK (319.247 ms) min=0.00123061
  Run 7/10... OK (258.979 ms) min=0.00123108
  Run 8/10... OK (213.6 ms) min=0.00123015
  Run 9/10... OK (277.911 ms) min=0.00123211
  Run 10/10... OK (281.03 ms) min=0.00126192
  ✓ Completed 10/10 runs, avg: 247.523 ms)
Testing 8 threads...
  Run 1/10... OK (248.928 ms) min=0.00123139
  Run 2/10... OK (193.712 ms) min=0.00124816
  Run 3/10... OK (198.622 ms) min=0.00124651
  Run 4/10... OK (211.425 ms) min=0.00125071
  Run 5/10... OK (192.761 ms) min=0.00127975
  Run 6/10... OK (195.559 ms) min=0.00123771
  Run 7/10... OK (197.231 ms) min=0.00123141
  Run 8/10... OK (251.259 ms) min=0.00123078
  Run 9/10... OK (247.546 ms) min=0.00123873
  Run 10/10... OK (277.642 ms) min=0.00123005
  ✓ Completed 10/10 runs, avg: 221.469 ms)
Testing 9 threads...
  Run 1/10... OK (210.278 ms) min=0.00123037
  Run 2/10... OK (240.603 ms) min=0.0012314
  Run 3/10... OK (191.179 ms) min=0.00123596
  Run 4/10... OK (190.771 ms) min=0.001245
  Run 5/10... OK (193.458 ms) min=0.00123016
  Run 6/10... OK (189.595 ms) min=0.00123039
  Run 7/10... OK (191.192 ms) min=0.00133139
  Run 8/10... OK (198.453 ms) min=0.0012318
  Run 9/10... OK (184.286 ms) min=0.00125107
  Run 10/10... OK (185.55 ms) min=0.00123501
  ✓ Completed 10/10 runs, avg: 197.536 ms)
Testing 10 threads...
  Run 1/10... OK (196.701 ms) min=0.00124687
  Run 2/10... OK (198.964 ms) min=0.00124418
  Run 3/10... OK (200.129 ms) min=0.00123032
  Run 4/10... OK (198.232 ms) min=0.00126845
  Run 5/10... OK (198.02 ms) min=0.00123189
  Run 6/10... OK (198.422 ms) min=0.00123371
  Run 7/10... OK (197.849 ms) min=0.00123241
  Run 8/10... OK (248.227 ms) min=0.001239
  Run 9/10... OK (308.323 ms) min=0.00123031
  Run 10/10... OK (235.983 ms) min=0.00124655
  ✓ Completed 10/10 runs, avg: 218.085 ms)
Testing 11 threads...
  Run 1/10... OK (205.576 ms) min=0.00123018
  Run 2/10... OK (197.547 ms) min=0.00129967
  Run 3/10... OK (265.118 ms) min=0.00123289
  Run 4/10... OK (223.997 ms) min=0.00124258
  Run 5/10... OK (241.867 ms) min=0.00123042
  Run 6/10... OK (203.437 ms) min=0.00123008
  Run 7/10... OK (346.805 ms) min=0.00123314
  Run 8/10... OK (222.862 ms) min=0.00129869
  Run 9/10... OK (241.886 ms) min=0.00123178
  Run 10/10... OK (250.688 ms) min=0.00123132
  ✓ Completed 10/10 runs, avg: 239.978 ms)
Testing 12 threads...
  Run 1/10... OK (218.564 ms) min=0.00125367
  Run 2/10... OK (228.594 ms) min=0.00126318
  Run 3/10... OK (194.533 ms) min=0.00125203
  Run 4/10... OK (191.76 ms) min=0.00123771
  Run 5/10... OK (203.89 ms) min=0.00124448
  Run 6/10... OK (194.648 ms) min=0.00123008
  Run 7/10... OK (197.929 ms) min=0.00123008
  Run 8/10... OK (199.247 ms) min=0.00123019
  Run 9/10... OK (224.425 ms) min=0.00124385
  Run 10/10... OK (197.312 ms) min=0.0012303
  ✓ Completed 10/10 runs, avg: 205.09 ms)
Testing 13 threads...
  Run 1/10... OK (195.067 ms) min=0.00125043
  Run 2/10... OK (198.209 ms) min=0.00129775
  Run 3/10... OK (197.778 ms) min=0.00123008
  Run 4/10... OK (195.252 ms) min=0.00123209
  Run 5/10... OK (197.859 ms) min=0.00123066
  Run 6/10... OK (198.358 ms) min=0.00123045
  Run 7/10... OK (197.597 ms) min=0.00123577
  Run 8/10... OK (199.056 ms) min=0.0012344
  Run 9/10... OK (201.855 ms) min=0.00124998
  Run 10/10... OK (201.33 ms) min=0.00123737
  ✓ Completed 10/10 runs, avg: 198.236 ms)
Testing 14 threads...
  Run 1/10... OK (207.285 ms) min=0.00123212
  Run 2/10... OK (200.01 ms) min=0.00123859
  Run 3/10... OK (227.84 ms) min=0.00133632
  Run 4/10... OK (252.536 ms) min=0.00123512
  Run 5/10... OK (240.462 ms) min=0.00128409
  Run 6/10... OK (233.955 ms) min=0.00123098
  Run 7/10... OK (252.193 ms) min=0.00123007
  Run 8/10... OK (250.096 ms) min=0.00123275
  Run 9/10... OK (230.524 ms) min=0.00124804
  Run 10/10... OK (196.128 ms) min=0.00123027
  ✓ Completed 10/10 runs, avg: 229.103 ms)
Testing 15 threads...
  Run 1/10... OK (196.016 ms) min=0.00123614
  Run 2/10... OK (195.176 ms) min=0.00132334
  Run 3/10... OK (195.735 ms) min=0.00157263
  Run 4/10... OK (195.767 ms) min=0.00123081
  Run 5/10... OK (198.83 ms) min=0.00125553
  Run 6/10... OK (196.582 ms) min=0.00124177
  Run 7/10... OK (194.6 ms) min=0.00123195
  Run 8/10... OK (197.711 ms) min=0.00124352
  Run 9/10... OK (198.331 ms) min=0.00123226
  Run 10/10... OK (194.276 ms) min=0.00144879
  ✓ Completed 10/10 runs, avg: 196.302 ms)
Testing 16 threads...
  Run 1/10... OK (239.671 ms) min=0.00123198
  Run 2/10... OK (231.386 ms) min=0.00123454
  Run 3/10... OK (206.178 ms) min=0.00123785
  Run 4/10... OK (231.609 ms) min=0.00123247
  Run 5/10... OK (311.621 ms) min=0.00123005
  Run 6/10... OK (259.098 ms) min=0.00123185
  Run 7/10... OK (199.407 ms) min=0.00123136
  Run 8/10... OK (199.802 ms) min=0.00142056
  Run 9/10... OK (198.658 ms) min=0.0012354
  Run 10/10... OK (197.778 ms) min=0.00123975
  ✓ Completed 10/10 runs, avg: 227.521 ms)
Threads ; iteration_time (ms) ; probability_time ; agent_time ; pheromone_time ; hash_time ; evaluation_time ; speedup ; parallel_efficiency ; hit_rate ; min_objective ;
1; 631.991; 0.861173; 604.377; 26.1416; 192.201; 22.8746; 0; 99.9979; 0; 0.00123006; 2; 519.464; 2.43767; 491.445; 24.7877; 275.331; 28.9228; 0; 49.9985; 0; 0.00123007; 3; 395.847; 2.10067; 371.132; 21.8226; 224.586; 32.5868; 0; 33.3307; 0; 0.00123008; 4; 294.661; 2.17306; 276.589; 14.9616; 247.606; 31.9574; 0; 24.9974; 0; 0.00123008; 5; 253.905; 2.75442; 236.43; 13.8818; 246.527; 31.7257; 0; 19.9982; 0; 0.00123005; 6; 221.138; 2.74785; 203.962; 13.5259; 238.426; 33.3367; 0; 16.6651; 0; 0.00123017; 7; 247.503; 3.08579; 228.857; 14.6841; 368.238; 35.0519; 0; 14.2846; 0; 0.00123006; 8; 221.45; 3.32926; 202.01; 15.214; 324.776; 34.8567; 0; 12.499; 0; 0.00123005; 9; 197.512; 3.07611; 176.705; 16.7812; 288.541; 35.7774; 0; 11.1098; 0; 0.00123016; 10; 218.065; 3.77035; 195.139; 18.2253; 320.602; 34.2699; 0; 9.9991; 0; 0.00123031; 11; 239.961; 4.16999; 214.226; 20.6349; 449.208; 36.477; 0; 9.09025; 0; 0.00123008; 12; 205.074; 3.82746; 179.172; 21.1991; 277.099; 30.1163; 0; 8.33267; 0; 0.00123008; 13; 198.218; 3.16227; 171.526; 22.6504; 223.419; 28.0168; 0; 7.69162; 0; 0.00123008; 14; 229.085; 4.49144; 200.365; 23.3321; 476.365; 35.3878; 0; 7.14231; 0; 0.00123007; 15; 196.28; 3.40844; 167.966; 24.0116; 214.287; 25.3524; 0; 6.6659; 0; 0.00123081; 16; 227.503; 4.37494; 195.707; 26.5483; 403.875; 32.746; 0; 6.24952; 0; 0.00123005; 
============================================================
OPTIMAL CONFIGURATION
============================================================
Recommended thread count: 15
Execution time: 196.302 ms
Speedup: 0x
Parallel efficiency: 6.6659%
Best objective value: 0.00123081

=== EXPERIMENT COMPLETED SUCCESSFULLY ===
Results saved to statistics.txt
Parameters logged to log.txt
Total experiment duration: 3 minutes
Program executed successfully
End time: Tue Dec 16 00:45:06 MSK 2025
Execution time: 207.032578342 seconds
Log file saved to results

===================================================
Benchmark completed for PARAMETR_SIZE=84, ANT_SIZE=500!
Results saved in: results/
Execution time: 207.032578342 seconds
===================================================

===================================================
Testing with PARAMETR_SIZE=168
===================================================
Updating parameter file with PARAMETR_SIZE=168...
Updating parametrs.h with PARAMETR_SIZE=168 and NAME_FILE_GRAPH=Parametr_Graph/test168.txt
Successfully updated parametrs.h with PARAMETR_SIZE=168
Updating BLOCK_SIZE based on PARAM_SIZE...
===================================================
Testing with PARAMETR_SIZE=168, ANT_SIZE=500
===================================================
Updating parameter file with ANT_SIZE=500...
Updating parametrs.h with ANT_SIZE=500
Successfully updated parametrs.h with ANT_SIZE=500
Compiling OpenMP program with GCC...
Compilation successful. Log saved to: results/compilation_logs/compile_size_168_ants_500_20251216_004507.txt

===================================================
Running OpenMP ACO optimization...
===================================================
Start time: Tue Dec 16 00:45:10 MSK 2025
OpenMP threads: 16

=== OPENMP PERFORMANCE OPTIMIZATION WITH THREAD SCALING ===
OpenMP version: 201511
Start time: Tue Dec 16 00:45:10 2025

============================================================
THREAD SCALING EXPERIMENT
Hardware threads: 64
Max OpenMP threads: 16
Runs per configuration: 10
============================================================
Testing thread counts: 1 2 3 4 5 6 7 8 9 10 11 12 13 14 15 16 

Testing 1 threads...
  Run 1/10... OK (1062.96 ms) min=0.0109756
  Run 2/10... OK (1493.18 ms) min=0.0109321
  Run 3/10... OK (1070.79 ms) min=0.0129084
  Run 4/10... OK (1048.15 ms) min=0.0130187
  Run 5/10... OK (1113.33 ms) min=0.0110241
  Run 6/10... OK (1184.46 ms) min=0.0114188
  Run 7/10... OK (1048.7 ms) min=0.0108872
  Run 8/10... OK (1080.05 ms) min=0.0112674
  Run 9/10... OK (1062.88 ms) min=0.0114718
  Run 10/10... OK (1091.05 ms) min=0.0113599
  ✓ Completed 10/10 runs, avg: 1125.55 ms)
Testing 2 threads...
  Run 1/10... OK (734.684 ms) min=0.0208653
  Run 2/10... OK (1079.28 ms) min=0.0108669
  Run 3/10... OK (882.843 ms) min=0.0125193
  Run 4/10... OK (720.204 ms) min=0.0111019
  Run 5/10... OK (677.839 ms) min=0.0172444
  Run 6/10... OK (658.863 ms) min=0.0120989
  Run 7/10... OK (954.166 ms) min=0.0133884
  Run 8/10... OK (779.414 ms) min=0.012761
  Run 9/10... OK (635.942 ms) min=0.0290388
  Run 10/10... OK (662.84 ms) min=0.0116616
  ✓ Completed 10/10 runs, avg: 778.608 ms)
Testing 3 threads...
  Run 1/10... OK (498.192 ms) min=0.0148762
  Run 2/10... OK (525.652 ms) min=0.0111215
  Run 3/10... OK (503.194 ms) min=0.0170432
  Run 4/10... OK (555.364 ms) min=0.0112486
  Run 5/10... OK (529.199 ms) min=0.0108585
  Run 6/10... OK (548.474 ms) min=0.0108963
  Run 7/10... OK (663.202 ms) min=0.0112563
  Run 8/10... OK (562.72 ms) min=0.0113524
  Run 9/10... OK (574.13 ms) min=0.0166386
  Run 10/10... OK (453.169 ms) min=0.0144879
  ✓ Completed 10/10 runs, avg: 541.33 ms)
Testing 4 threads...
  Run 1/10... OK (411.797 ms) min=0.0109456
  Run 2/10... OK (413.747 ms) min=0.0112139
  Run 3/10... OK (373.505 ms) min=0.0108662
  Run 4/10... OK (390.925 ms) min=0.010863
  Run 5/10... OK (443.658 ms) min=0.0112346
  Run 6/10... OK (504.511 ms) min=0.0112618
  Run 7/10... OK (475.196 ms) min=0.0111421
  Run 8/10... OK (519.419 ms) min=0.023404
  Run 9/10... OK (417.3 ms) min=0.0136928
  Run 10/10... OK (527.109 ms) min=0.0108839
  ✓ Completed 10/10 runs, avg: 447.717 ms)
Testing 5 threads...
  Run 1/10... OK (395.948 ms) min=0.0108825
  Run 2/10... OK (366.527 ms) min=0.0132434
  Run 3/10... OK (369.115 ms) min=0.0109207
  Run 4/10... OK (353.071 ms) min=0.0110912
  Run 5/10... OK (319.106 ms) min=0.0109609
  Run 6/10... OK (359.799 ms) min=0.0108615
  Run 7/10... OK (338.449 ms) min=0.0201222
  Run 8/10... OK (358.083 ms) min=0.0110829
  Run 9/10... OK (362.877 ms) min=0.0110635
  Run 10/10... OK (317.294 ms) min=0.0110436
  ✓ Completed 10/10 runs, avg: 354.027 ms)
Testing 6 threads...
  Run 1/10... OK (316.072 ms) min=0.0116384
  Run 2/10... OK (328.985 ms) min=0.0108586
  Run 3/10... OK (382.193 ms) min=0.010857
  Run 4/10... OK (513.122 ms) min=0.011932
  Run 5/10... OK (328.664 ms) min=0.0109772
  Run 6/10... OK (341.779 ms) min=0.0145307
  Run 7/10... OK (330.748 ms) min=0.0110842
  Run 8/10... OK (346.223 ms) min=0.0108827
  Run 9/10... OK (320.898 ms) min=0.0109103
  Run 10/10... OK (308.721 ms) min=0.0108758
  ✓ Completed 10/10 runs, avg: 351.74 ms)
Testing 7 threads...
  Run 1/10... OK (302.76 ms) min=0.0116424
  Run 2/10... OK (314.354 ms) min=0.0144181
  Run 3/10... OK (307.003 ms) min=0.0108769
  Run 4/10... OK (318.168 ms) min=0.0110786
  Run 5/10... OK (306.321 ms) min=0.0109269
  Run 6/10... OK (354.621 ms) min=0.010909
  Run 7/10... OK (320.202 ms) min=0.0109708
  Run 8/10... OK (298.599 ms) min=0.0113948
  Run 9/10... OK (302.005 ms) min=0.011027
  Run 10/10... OK (317.382 ms) min=0.0108745
  ✓ Completed 10/10 runs, avg: 314.141 ms)
Testing 8 threads...
  Run 1/10... OK (282.472 ms) min=0.0109894
  Run 2/10... OK (289.069 ms) min=0.0262585
  Run 3/10... OK (281.766 ms) min=0.0138433
  Run 4/10... OK (281.878 ms) min=0.0148908
  Run 5/10... OK (281.103 ms) min=0.0108648
  Run 6/10... OK (356.634 ms) min=0.0165185
  Run 7/10... OK (493.323 ms) min=0.0109515
  Run 8/10... OK (398.249 ms) min=0.0108769
  Run 9/10... OK (341.62 ms) min=0.0114659
  Run 10/10... OK (397.502 ms) min=0.0132251
  ✓ Completed 10/10 runs, avg: 340.362 ms)
Testing 9 threads...
  Run 1/10... OK (287.191 ms) min=0.0164497
  Run 2/10... OK (285.536 ms) min=0.0119931
  Run 3/10... OK (280.293 ms) min=0.0113021
  Run 4/10... OK (274.709 ms) min=0.0123229
  Run 5/10... OK (274.749 ms) min=0.0130245
  Run 6/10... OK (270.059 ms) min=0.012834
  Run 7/10... OK (282.058 ms) min=0.0140978
  Run 8/10... OK (270.361 ms) min=0.0171295
  Run 9/10... OK (281.755 ms) min=0.0110314
  Run 10/10... OK (298.114 ms) min=0.0110007
  ✓ Completed 10/10 runs, avg: 280.483 ms)
Testing 10 threads...
  Run 1/10... OK (322.467 ms) min=0.0127984
  Run 2/10... OK (343.798 ms) min=0.0159373
  Run 3/10... OK (325.388 ms) min=0.0139001
  Run 4/10... OK (268.807 ms) min=0.0133493
  Run 5/10... OK (279.9 ms) min=0.010857
  Run 6/10... OK (265.294 ms) min=0.0123921
  Run 7/10... OK (257.033 ms) min=0.0141059
  Run 8/10... OK (258.06 ms) min=0.0112895
  Run 9/10... OK (258.297 ms) min=0.0125875
  Run 10/10... OK (273.147 ms) min=0.011407
  ✓ Completed 10/10 runs, avg: 285.219 ms)
Testing 11 threads...
  Run 1/10... OK (269.536 ms) min=0.0113749
  Run 2/10... OK (258.857 ms) min=0.0110283
  Run 3/10... OK (272.008 ms) min=0.0109322
  Run 4/10... OK (266.887 ms) min=0.01436
  Run 5/10... OK (265.102 ms) min=0.0224348
  Run 6/10... OK (260.171 ms) min=0.0108609
  Run 7/10... OK (295.162 ms) min=0.0157261
  Run 8/10... OK (341.782 ms) min=0.0109592
