
OPENMP DISPLAY ENVIRONMENT BEGIN
  _OPENMP = '201511'
  OMP_DYNAMIC = 'FALSE'
  OMP_NESTED = 'FALSE'
  OMP_NUM_THREADS = '32'
  OMP_SCHEDULE = 'DYNAMIC'
  OMP_PROC_BIND = 'CLOSE'
  OMP_PLACES = '{0,32},{1,33},{2,34},{3,35},{4,36},{5,37},{6,38},{7,39},{8,40},{9,41},{10,42},{11,43},{12,44},{13,45},{14,46},{15,47},{16,48},{17,49},{18,50},{19,51},{20,52},{21,53},{22,54},{23,55},{24,56},{25,57},{26,58},{27,59},{28,60},{29,61},{30,62},{31,63}'
  OMP_STACKSIZE = '0'
  OMP_WAIT_POLICY = 'PASSIVE'
  OMP_THREAD_LIMIT = '4294967295'
  OMP_MAX_ACTIVE_LEVELS = '2147483647'
  OMP_CANCELLATION = 'FALSE'
  OMP_DEFAULT_DEVICE = '0'
  OMP_MAX_TASK_PRIORITY = '0'
  OMP_DISPLAY_AFFINITY = 'FALSE'
  OMP_AFFINITY_FORMAT = 'level %L thread %i affinity %A'
OPENMP DISPLAY ENVIRONMENT END

OPENMP DISPLAY ENVIRONMENT BEGIN
  _OPENMP = '201511'
  OMP_DYNAMIC = 'FALSE'
  OMP_NESTED = 'FALSE'
  OMP_NUM_THREADS = '32'
  OMP_SCHEDULE = 'DYNAMIC'
  OMP_PROC_BIND = 'CLOSE'
  OMP_PLACES = '{0,32},{1,33},{2,34},{3,35},{4,36},{5,37},{6,38},{7,39},{8,40},{9,41},{10,42},{11,43},{12,44},{13,45},{14,46},{15,47},{16,48},{17,49},{18,50},{19,51},{20,52},{21,53},{22,54},{23,55},{24,56},{25,57},{26,58},{27,59},{28,60},{29,61},{30,62},{31,63}'
  OMP_STACKSIZE = '0'
  OMP_WAIT_POLICY = 'PASSIVE'
  OMP_THREAD_LIMIT = '4294967295'
  OMP_MAX_ACTIVE_LEVELS = '2147483647'
  OMP_CANCELLATION = 'FALSE'
  OMP_DEFAULT_DEVICE = '0'
  OMP_MAX_TASK_PRIORITY = '0'
  OMP_DISPLAY_AFFINITY = 'FALSE'
  OMP_AFFINITY_FORMAT = 'level %L thread %i affinity %A'
OPENMP DISPLAY ENVIRONMENT END
slurmstepd: error: *** JOB 3744 ON node01 CANCELLED AT 2025-12-29T08:52:14 ***
