===================================================
    CUDA ACO Benchmark Launcher
===================================================
Checking CUDA availability...
Checking GPU information...
GPU Information:
name, memory.total [MiB], driver_version
Tesla V100-SXM2-16GB, 16384 MiB, 535.86.10
Tesla V100-SXM2-16GB, 16384 MiB, 535.86.10
Tesla V100-SXM2-16GB, 16384 MiB, 535.86.10
Tesla V100-SXM2-16GB, 16384 MiB, 535.86.10
Cleaning previous builds...
Detecting GPU architecture...
Detected Compute Capability: Field "compute_capability" is not a valid field to query.
Using ARCH: sm_Field "compute_capability" is not a valid field to query

===================================================
Testing with PARAMETR_SIZE=42
===================================================
Updating parameter file with PARAMETR_SIZE=42...
Updating parametrs.h with PARAMETR_SIZE=42 and NAME_FILE_GRAPH=Parametr_Graph/test42.txt
Successfully updated parametrs.h with PARAMETR_SIZE=42
===================================================
Testing with PARAMETR_SIZE=42, MAXREGCOUNT=32
===================================================
Compiling CUDA program with arch=sm_Field "compute_capability" is not a valid field to query...

WARNING: Compilation had warnings, but continuing...
Compilation warnings/errors saved to: results/compilation_logs/compile_size_42_reg_32_20251128_105042.txt
ERROR: Compilation failed - executable not created!
